Using pre-set license
Built from '2021.1/staging' branch; Version is '2021.1.21f1 (f2d5d3c59f8c) revision 15914451'; Using compiler version '192528614'; Build Type 'Release'
OS: 'Windows 10 Home Single Language; OS build 19043.1237; Version 2009; 64bit' Language: 'en' Physical Memory: 3918 MB
BatchMode: 1, IsHumanControllingUs: 0, StartBugReporterOnCrash: 0, Is64bit: 1, IsPro: 0

COMMAND LINE ARGUMENTS:
C:\Program Files\Unity\Hub\Editor\2021.1.21f1\Editor\Unity.exe
-adb2
-batchMode
-noUpm
-name
AssetImportWorker0
-projectPath
C:/Users/joshu/ICT_Electives_Game/ICT_Electives_Game
-logFile
Logs/AssetImportWorker0.log
-srvPort
53439
Successfully changed project path to: C:/Users/joshu/ICT_Electives_Game/ICT_Electives_Game
C:/Users/joshu/ICT_Electives_Game/ICT_Electives_Game
Using Asset Import Pipeline V2.
Refreshing native plugins compatible for Editor in 591.19 ms, found 3 plugins.
Preloading 0 native plugins for Editor in 0.00 ms.
Initialize engine version: 2021.1.21f1 (f2d5d3c59f8c)
[Subsystems] Discovering subsystems at path C:/Program Files/Unity/Hub/Editor/2021.1.21f1/Editor/Data/Resources/UnitySubsystems
[Subsystems] Discovering subsystems at path C:/Users/joshu/ICT_Electives_Game/ICT_Electives_Game/Assets
GfxDevice: creating device client; threaded=0; jobified=0
Direct3D:
    Version:  Direct3D 11.0 [level 11.1]
    Renderer: Intel(R) UHD Graphics 600 (ID=0x3185)
    Vendor:   Intel
    VRAM:     1959 MB
    Driver:   27.20.100.8729
Initialize mono
Mono path[0] = 'C:/Program Files/Unity/Hub/Editor/2021.1.21f1/Editor/Data/Managed'
Mono path[1] = 'C:/Program Files/Unity/Hub/Editor/2021.1.21f1/Editor/Data/MonoBleedingEdge/lib/mono/unityjit'
Mono config path = 'C:/Program Files/Unity/Hub/Editor/2021.1.21f1/Editor/Data/MonoBleedingEdge/etc'
Using monoOptions --debugger-agent=transport=dt_socket,embedding=1,server=y,suspend=n,address=127.0.0.1:56768
Begin MonoManager ReloadAssembly
Registering precompiled unity dll's ...
Register platform support module: C:/Program Files/Unity/Hub/Editor/2021.1.21f1/Editor/Data/PlaybackEngines/WindowsStandaloneSupport/UnityEditor.WindowsStandalone.Extensions.dll
Registered in 0.007395 seconds.
Native extension for WindowsStandalone target not found
Refreshing native plugins compatible for Editor in 192.15 ms, found 3 plugins.
Preloading 0 native plugins for Editor in 0.00 ms.
Mono: successfully reloaded assembly
- Completed reload, in  7.066 seconds
Domain Reload Profiling:
	ReloadAssembly (7066ms)
		BeginReloadAssembly (272ms)
			ExecutionOrderSort (0ms)
			DisableScriptedObjects (0ms)
			BackupInstance (0ms)
			ReleaseScriptingObjects (0ms)
			CreateAndSetChildDomain (2ms)
		EndReloadAssembly (1288ms)
			LoadAssemblies (261ms)
			RebuildTransferFunctionScriptingTraits (0ms)
			SetupTypeCache (493ms)
			ReleaseScriptCaches (0ms)
			RebuildScriptCaches (75ms)
			SetupLoadedEditorAssemblies (594ms)
				LogAssemblyErrors (0ms)
				InitializePlatformSupportModulesInManaged (15ms)
				SetLoadedEditorAssemblies (0ms)
				RefreshPlugins (192ms)
				BeforeProcessingInitializeOnLoad (3ms)
				ProcessInitializeOnLoadAttributes (277ms)
				ProcessInitializeOnLoadMethodAttributes (106ms)
				AfterProcessingInitializeOnLoad (0ms)
				EditorAssembliesLoaded (0ms)
			ExecutionOrderSort2 (0ms)
			AwakeInstancesAfterBackupRestoration (0ms)
Platform modules already initialized, skipping
Registering precompiled user dll's ...
Registered in 0.026108 seconds.
Begin MonoManager ReloadAssembly
Native extension for WindowsStandalone target not found
Refreshing native plugins compatible for Editor in 265.02 ms, found 3 plugins.
Preloading 0 native plugins for Editor in 0.00 ms.
Mono: successfully reloaded assembly
- Completed reload, in  4.131 seconds
Domain Reload Profiling:
	ReloadAssembly (4133ms)
		BeginReloadAssembly (472ms)
			ExecutionOrderSort (0ms)
			DisableScriptedObjects (13ms)
			BackupInstance (0ms)
			ReleaseScriptingObjects (0ms)
			CreateAndSetChildDomain (51ms)
		EndReloadAssembly (3481ms)
			LoadAssemblies (331ms)
			RebuildTransferFunctionScriptingTraits (0ms)
			SetupTypeCache (1197ms)
			ReleaseScriptCaches (1ms)
			RebuildScriptCaches (122ms)
			SetupLoadedEditorAssemblies (1270ms)
				LogAssemblyErrors (0ms)
				InitializePlatformSupportModulesInManaged (38ms)
				SetLoadedEditorAssemblies (1ms)
				RefreshPlugins (265ms)
				BeforeProcessingInitializeOnLoad (173ms)
				ProcessInitializeOnLoadAttributes (731ms)
				ProcessInitializeOnLoadMethodAttributes (42ms)
				AfterProcessingInitializeOnLoad (20ms)
				EditorAssembliesLoaded (0ms)
			ExecutionOrderSort2 (0ms)
			AwakeInstancesAfterBackupRestoration (18ms)
Platform modules already initialized, skipping
========================================================================
Worker process is ready to serve import requests
Launched and connected shader compiler UnityShaderCompiler.exe after 0.23 seconds
Refreshing native plugins compatible for Editor in 2.10 ms, found 3 plugins.
Preloading 0 native plugins for Editor in 0.00 ms.
Unloading 2164 Unused Serialized files (Serialized files now loaded: 0)
System memory in use before: 100.7 MB.
System memory in use after: 100.7 MB.

Unloading 26 unused Assets to reduce memory usage. Loaded Objects now: 2620.
Total: 8.865000 ms (FindLiveObjects: 0.537500 ms CreateObjectMapping: 0.126300 ms MarkObjects: 7.999300 ms  DeleteObjects: 0.198800 ms)

AssetImportParameters requested are different than current active one (requested -> active):
  custom:framework-win-MediaFoundation: 216162199b28c13a410421893ffa2e32 -> 
  custom:video-decoder-ogg-theora: a1e56fd34408186e4bbccfd4996cb3dc -> 
  custom:container-muxer-webm: aa71ff27fc2769a1b78a27578f13a17b -> 
  custom:container-demuxer-webm: 4f35f7cbe854078d1ac9338744f61a02 -> 
  custom:container-demuxer-ogg: 62fdf1f143b41e24485cea50d1cbac27 -> 
  custom:video-encoder-webm-vp8: eb34c28f22e8b96e1ab97ce403110664 -> 
  custom:video-codec-MediaFoundation-h265: 746d11721c4dcdbdad8f713fa42b33f4 -> 
  custom:video-decoder-webm-vp8: 9c59270c3fd7afecdb556c50c9e8de78 -> 
  custom:audio-decoder-ogg-vorbis: bf7c407c2cedff20999df2af8eb42d56 -> 
  custom:audio-encoder-webm-vorbis: bf7c407c2cedff20999df2af8eb42d56 -> 
========================================================================
Received Import Request.
  path: Assets/Top Down Adventure Assets/Visuals/CHARACTERS/player/hero1.png
  artifactKey: Guid(78d03ce1d36c540d5a183e4b042d3afb) Importer(815301076,1909f56bfc062723c751e8b465ee728b)
Start importing Assets/Top Down Adventure Assets/Visuals/CHARACTERS/player/hero1.png using Guid(78d03ce1d36c540d5a183e4b042d3afb) Importer(815301076,1909f56bfc062723c751e8b465ee728b)  -> (artifact id: '7a8978d811a9d66604f5f1c3c5d1a6d1') in 0.632888 seconds 
========================================================================
Received Import Request.
  Time since last request: 2.260052 seconds.
  path: Assets/Top Down Adventure Assets/Visuals/CHARACTERS/player/hero1.png
  artifactKey: Guid(78d03ce1d36c540d5a183e4b042d3afb) Importer(815301076,1909f56bfc062723c751e8b465ee728b)
Start importing Assets/Top Down Adventure Assets/Visuals/CHARACTERS/player/hero1.png using Guid(78d03ce1d36c540d5a183e4b042d3afb) Importer(815301076,1909f56bfc062723c751e8b465ee728b)  -> (artifact id: 'bf55162deb1a267f4a1221a28fa5278d') in 0.150664 seconds 
========================================================================
Received Import Request.
  Time since last request: 49.072176 seconds.
  path: Assets/Top Down Adventure Assets/Visuals/CHARACTERS/player/hero13.png
  artifactKey: Guid(27f23eab49f3b418e91095d09e5f8a25) Importer(815301076,1909f56bfc062723c751e8b465ee728b)
Start importing Assets/Top Down Adventure Assets/Visuals/CHARACTERS/player/hero13.png using Guid(27f23eab49f3b418e91095d09e5f8a25) Importer(815301076,1909f56bfc062723c751e8b465ee728b)  -> (artifact id: '2c6cd06a62d8bbd48281e3c2317580d2') in 0.046352 seconds 
========================================================================
Received Import Request.
  Time since last request: 2.392145 seconds.
  path: Assets/Top Down Adventure Assets/Visuals/CHARACTERS/player/hero14.png
  artifactKey: Guid(4d508d8d94fd047669c24145927db629) Importer(815301076,1909f56bfc062723c751e8b465ee728b)
Start importing Assets/Top Down Adventure Assets/Visuals/CHARACTERS/player/hero14.png using Guid(4d508d8d94fd047669c24145927db629) Importer(815301076,1909f56bfc062723c751e8b465ee728b)  -> (artifact id: '4b92188c0d5cf03851cdfbfdf75913e6') in 0.229721 seconds 
========================================================================
Received Import Request.
  Time since last request: 5.941936 seconds.
  path: Assets/Top Down Adventure Assets/Visuals/CHARACTERS/player/hero9.png
  artifactKey: Guid(4643618a4cdd243cfbfdc8c12a87fb21) Importer(815301076,1909f56bfc062723c751e8b465ee728b)
Start importing Assets/Top Down Adventure Assets/Visuals/CHARACTERS/player/hero9.png using Guid(4643618a4cdd243cfbfdc8c12a87fb21) Importer(815301076,1909f56bfc062723c751e8b465ee728b)  -> (artifact id: 'ed88dc9a4a1ad3ecbef0482a072d306d') in 0.094983 seconds 
========================================================================
Received Import Request.
  Time since last request: 7.861264 seconds.
  path: Assets/Top Down Adventure Assets/Visuals/CHARACTERS/player/hero10.png
  artifactKey: Guid(13fdaf175205e4b59bae159aecf31378) Importer(815301076,1909f56bfc062723c751e8b465ee728b)
Start importing Assets/Top Down Adventure Assets/Visuals/CHARACTERS/player/hero10.png using Guid(13fdaf175205e4b59bae159aecf31378) Importer(815301076,1909f56bfc062723c751e8b465ee728b)  -> (artifact id: 'cb3e71573cb164f9f32f5db418f71424') in 0.081125 seconds 
========================================================================
Received Import Request.
  Time since last request: 2708.605576 seconds.
  path: Assets/RPG/Sprites/Foozle_2DC0009_Lucifer_Warrior_Pixel_Art
  artifactKey: Guid(84f4b473a58f0f048912006bafe866e4) Importer(815301076,1909f56bfc062723c751e8b465ee728b)
Start importing Assets/RPG/Sprites/Foozle_2DC0009_Lucifer_Warrior_Pixel_Art using Guid(84f4b473a58f0f048912006bafe866e4) Importer(815301076,1909f56bfc062723c751e8b465ee728b)  -> (artifact id: '4462faec0a32ee31ff0184d7f4f78825') in 0.055351 seconds 
========================================================================
Received Import Request.
  Time since last request: 14.989632 seconds.
  path: Assets/RPG/Sprites/Warrior enemy sprite
  artifactKey: Guid(84f4b473a58f0f048912006bafe866e4) Importer(815301076,1909f56bfc062723c751e8b465ee728b)
Start importing Assets/RPG/Sprites/Warrior enemy sprite using Guid(84f4b473a58f0f048912006bafe866e4) Importer(815301076,1909f56bfc062723c751e8b465ee728b)  -> (artifact id: '64c9bee61d1251a13df68be0d4eb4187') in 0.063170 seconds 
========================================================================
Received Import Request.
  Time since last request: 379.316404 seconds.
  path: Assets/RPG/Sprites/Warrior enemy sprite/Down/Png/WarriorDownAttack01.png
  artifactKey: Guid(3a27ccf617d2e17428c03aa4606b61b9) Importer(815301076,1909f56bfc062723c751e8b465ee728b)
Start importing Assets/RPG/Sprites/Warrior enemy sprite/Down/Png/WarriorDownAttack01.png using Guid(3a27ccf617d2e17428c03aa4606b61b9) Importer(815301076,1909f56bfc062723c751e8b465ee728b)  -> (artifact id: '11a8b13fad2da8336f2091139ecda4a6') in 0.420243 seconds 
========================================================================
Received Import Request.
  Time since last request: 1.503143 seconds.
  path: Assets/RPG/Sprites/Warrior enemy sprite/Down/Png/WarriorDownAttack02.png
  artifactKey: Guid(58dbbcdd1604e1c42bfb796aefe637cf) Importer(815301076,1909f56bfc062723c751e8b465ee728b)
Start importing Assets/RPG/Sprites/Warrior enemy sprite/Down/Png/WarriorDownAttack02.png using Guid(58dbbcdd1604e1c42bfb796aefe637cf) Importer(815301076,1909f56bfc062723c751e8b465ee728b)  -> (artifact id: '6c8569e0d49626e16f00c7400881f3c2') in 0.094904 seconds 
========================================================================
Received Import Request.
  Time since last request: 0.351041 seconds.
  path: Assets/RPG/Sprites/Warrior enemy sprite/Down/Png/WarriorDownClimb.png
  artifactKey: Guid(98c867c99ac7cff4d8a65ced8fd38bdb) Importer(815301076,1909f56bfc062723c751e8b465ee728b)
Start importing Assets/RPG/Sprites/Warrior enemy sprite/Down/Png/WarriorDownClimb.png using Guid(98c867c99ac7cff4d8a65ced8fd38bdb) Importer(815301076,1909f56bfc062723c751e8b465ee728b)  -> (artifact id: '39ce2879f33fda41f5029acaff8e4457') in 0.102996 seconds 
========================================================================
Received Import Request.
  Time since last request: 0.339929 seconds.
  path: Assets/RPG/Sprites/Warrior enemy sprite/Down/Png/WarriorDownHurt.png
  artifactKey: Guid(55638307bd202354e8f43e51e870d84f) Importer(815301076,1909f56bfc062723c751e8b465ee728b)
Start importing Assets/RPG/Sprites/Warrior enemy sprite/Down/Png/WarriorDownHurt.png using Guid(55638307bd202354e8f43e51e870d84f) Importer(815301076,1909f56bfc062723c751e8b465ee728b)  -> (artifact id: '9613cbf70b2a117cd6bd213250b79f87') in 0.116339 seconds 
========================================================================
Received Import Request.
  Time since last request: 0.596161 seconds.
  path: Assets/RPG/Sprites/Warrior enemy sprite/Down/Png/WarriorDownJump.png
  artifactKey: Guid(bb2a3777e48137746bed9831f2d40fda) Importer(815301076,1909f56bfc062723c751e8b465ee728b)
Start importing Assets/RPG/Sprites/Warrior enemy sprite/Down/Png/WarriorDownJump.png using Guid(bb2a3777e48137746bed9831f2d40fda) Importer(815301076,1909f56bfc062723c751e8b465ee728b)  -> (artifact id: '82359748df417cdbe6a903190ab5e1ca') in 0.099826 seconds 
========================================================================
Received Import Request.
  Time since last request: 0.440719 seconds.
  path: Assets/RPG/Sprites/Warrior enemy sprite/Down/Png/WarriorDownLand.png
  artifactKey: Guid(bdd71d5a37c213943a8aed9f2c2dab76) Importer(815301076,1909f56bfc062723c751e8b465ee728b)
Start importing Assets/RPG/Sprites/Warrior enemy sprite/Down/Png/WarriorDownLand.png using Guid(bdd71d5a37c213943a8aed9f2c2dab76) Importer(815301076,1909f56bfc062723c751e8b465ee728b)  -> (artifact id: '5eb1a557f9ab26e173198a97475d3e96') in 0.106424 seconds 
========================================================================
Received Import Request.
  Time since last request: 0.585462 seconds.
  path: Assets/RPG/Sprites/Warrior enemy sprite/Down/Png/WarriorDownWalk.png
  artifactKey: Guid(7b314682debe86947951648e84695e92) Importer(815301076,1909f56bfc062723c751e8b465ee728b)
Start importing Assets/RPG/Sprites/Warrior enemy sprite/Down/Png/WarriorDownWalk.png using Guid(7b314682debe86947951648e84695e92) Importer(815301076,1909f56bfc062723c751e8b465ee728b)  -> (artifact id: 'f4197ba5b1380b1bd33a2f9ae032dda0') in 0.186780 seconds 
========================================================================
Received Import Request.
  Time since last request: 3.805205 seconds.
  path: Assets/RPG/Sprites/Warrior enemy sprite/Down/Png/WarriorDownIdle.png
  artifactKey: Guid(c769ae703520dce4481330d0cbdb5d80) Importer(815301076,1909f56bfc062723c751e8b465ee728b)
Start importing Assets/RPG/Sprites/Warrior enemy sprite/Down/Png/WarriorDownIdle.png using Guid(c769ae703520dce4481330d0cbdb5d80) Importer(815301076,1909f56bfc062723c751e8b465ee728b)  -> (artifact id: 'b606a2bd2c203cb9a5d5447912d1b2b6') in 0.105947 seconds 
========================================================================
Received Import Request.
  Time since last request: 41.105609 seconds.
  path: Assets/RPG/Sprites/Warrior enemy sprite/Down/Png/WarriorDownIdle.png
  artifactKey: Guid(c769ae703520dce4481330d0cbdb5d80) Importer(815301076,1909f56bfc062723c751e8b465ee728b)
Start importing Assets/RPG/Sprites/Warrior enemy sprite/Down/Png/WarriorDownIdle.png using Guid(c769ae703520dce4481330d0cbdb5d80) Importer(815301076,1909f56bfc062723c751e8b465ee728b)  -> (artifact id: 'f8f1f6547630b58e5e8770a3ed8d854b') in 0.215975 seconds 
========================================================================
Received Import Request.
  Time since last request: 1.000376 seconds.
  path: Assets/RPG/Sprites/Warrior enemy sprite/Down/Png/WarriorDownAttack01.png
  artifactKey: Guid(3a27ccf617d2e17428c03aa4606b61b9) Importer(815301076,1909f56bfc062723c751e8b465ee728b)
Start importing Assets/RPG/Sprites/Warrior enemy sprite/Down/Png/WarriorDownAttack01.png using Guid(3a27ccf617d2e17428c03aa4606b61b9) Importer(815301076,1909f56bfc062723c751e8b465ee728b)  -> (artifact id: '4bf08533e3b0d0d0a29e0158fb110e1d') in 0.082284 seconds 
========================================================================
Received Import Request.
  Time since last request: 15.359383 seconds.
  path: Assets/RPG/Sprites/Warrior enemy sprite/Down/Png/WarriorDownIdle.png
  artifactKey: Guid(c769ae703520dce4481330d0cbdb5d80) Importer(815301076,1909f56bfc062723c751e8b465ee728b)
Start importing Assets/RPG/Sprites/Warrior enemy sprite/Down/Png/WarriorDownIdle.png using Guid(c769ae703520dce4481330d0cbdb5d80) Importer(815301076,1909f56bfc062723c751e8b465ee728b)  -> (artifact id: '99dc79d63caeef03c3e5c6ebd0a25393') in 0.106385 seconds 
========================================================================
Received Import Request.
  Time since last request: 34.969752 seconds.
  path: ProjectSettings/TagManager.asset
  artifactKey: Guid(00000000000000003000000000000000) Importer(815301076,1909f56bfc062723c751e8b465ee728b)
Start importing ProjectSettings/TagManager.asset using Guid(00000000000000003000000000000000) Importer(815301076,1909f56bfc062723c751e8b465ee728b)  -> (artifact id: 'c9646b9d7833b6fdbc30221c0e8c6759') in 0.114618 seconds 
========================================================================
Received Import Request.
  Time since last request: 29.792531 seconds.
  path: Assets/RPG/Sprites/Warrior enemy sprite/Down/Png/WarriorDownIdle.png
  artifactKey: Guid(c769ae703520dce4481330d0cbdb5d80) Importer(815301076,1909f56bfc062723c751e8b465ee728b)
Start importing Assets/RPG/Sprites/Warrior enemy sprite/Down/Png/WarriorDownIdle.png using Guid(c769ae703520dce4481330d0cbdb5d80) Importer(815301076,1909f56bfc062723c751e8b465ee728b)  -> (artifact id: '4da1858c05073c819f69dca74993b2cc') in 0.167287 seconds 
========================================================================
Received Import Request.
  Time since last request: 59.852724 seconds.
  path: Assets/RPG/Animations/PlayerIdleAnimation.anim
  artifactKey: Guid(696af8f60f28d5e4a9c59cd2b75a5dcf) Importer(815301076,1909f56bfc062723c751e8b465ee728b)
Start importing Assets/RPG/Animations/PlayerIdleAnimation.anim using Guid(696af8f60f28d5e4a9c59cd2b75a5dcf) Importer(815301076,1909f56bfc062723c751e8b465ee728b)  -> (artifact id: '448d929ed068b3d05b4fd84d328b06da') in 0.097617 seconds 
========================================================================
Received Import Request.
  Time since last request: 7.423754 seconds.
  path: Assets/RPG/Animations/WarriorIdleAnimation.anim
  artifactKey: Guid(696af8f60f28d5e4a9c59cd2b75a5dcf) Importer(815301076,1909f56bfc062723c751e8b465ee728b)
Start importing Assets/RPG/Animations/WarriorIdleAnimation.anim using Guid(696af8f60f28d5e4a9c59cd2b75a5dcf) Importer(815301076,1909f56bfc062723c751e8b465ee728b)  -> (artifact id: '0b8fd5dcaabc97618b97fde42de1707f') in 0.059880 seconds 
========================================================================
Received Prepare
Registering precompiled user dll's ...
Registered in 0.020536 seconds.
Begin MonoManager ReloadAssembly
Native extension for WindowsStandalone target not found
Refreshing native plugins compatible for Editor in 2.24 ms, found 3 plugins.
Preloading 0 native plugins for Editor in 0.00 ms.
Mono: successfully reloaded assembly
- Completed reload, in  3.846 seconds
Domain Reload Profiling:
	ReloadAssembly (3848ms)
		BeginReloadAssembly (931ms)
			ExecutionOrderSort (0ms)
			DisableScriptedObjects (82ms)
			BackupInstance (0ms)
			ReleaseScriptingObjects (0ms)
			CreateAndSetChildDomain (488ms)
		EndReloadAssembly (2631ms)
			LoadAssemblies (386ms)
			RebuildTransferFunctionScriptingTraits (3ms)
			SetupTypeCache (983ms)
			ReleaseScriptCaches (2ms)
			RebuildScriptCaches (141ms)
			SetupLoadedEditorAssemblies (839ms)
				LogAssemblyErrors (0ms)
				InitializePlatformSupportModulesInManaged (16ms)
				SetLoadedEditorAssemblies (1ms)
				RefreshPlugins (2ms)
				BeforeProcessingInitializeOnLoad (165ms)
				ProcessInitializeOnLoadAttributes (607ms)
				ProcessInitializeOnLoadMethodAttributes (27ms)
				AfterProcessingInitializeOnLoad (20ms)
				EditorAssembliesLoaded (0ms)
			ExecutionOrderSort2 (0ms)
			AwakeInstancesAfterBackupRestoration (78ms)
Platform modules already initialized, skipping
Refreshing native plugins compatible for Editor in 6.58 ms, found 3 plugins.
Preloading 0 native plugins for Editor in 0.00 ms.
Unloading 2154 Unused Serialized files (Serialized files now loaded: 0)
System memory in use before: 110.7 MB.
System memory in use after: 110.9 MB.

Unloading 15 unused Assets to reduce memory usage. Loaded Objects now: 2906.
Total: 16.263200 ms (FindLiveObjects: 1.705200 ms CreateObjectMapping: 0.197900 ms MarkObjects: 14.292000 ms  DeleteObjects: 0.063600 ms)

AssetImportParameters requested are different than current active one (requested -> active):
  custom:framework-win-MediaFoundation: 216162199b28c13a410421893ffa2e32 -> 
  custom:video-decoder-ogg-theora: a1e56fd34408186e4bbccfd4996cb3dc -> 
  custom:container-muxer-webm: aa71ff27fc2769a1b78a27578f13a17b -> 
  custom:container-demuxer-webm: 4f35f7cbe854078d1ac9338744f61a02 -> 
  custom:container-demuxer-ogg: 62fdf1f143b41e24485cea50d1cbac27 -> 
  custom:video-encoder-webm-vp8: eb34c28f22e8b96e1ab97ce403110664 -> 
  custom:video-codec-MediaFoundation-h265: 746d11721c4dcdbdad8f713fa42b33f4 -> 
  custom:video-decoder-webm-vp8: 9c59270c3fd7afecdb556c50c9e8de78 -> 
  custom:audio-decoder-ogg-vorbis: bf7c407c2cedff20999df2af8eb42d56 -> 
  custom:audio-encoder-webm-vorbis: bf7c407c2cedff20999df2af8eb42d56 -> 
AssetImportWorkerClient::OnTransportError - code=2 error=End of file
