Using pre-set license
Built from '2021.1/staging' branch; Version is '2021.1.21f1 (f2d5d3c59f8c) revision 15914451'; Using compiler version '192528614'; Build Type 'Release'
OS: 'Windows 10 Home Single Language; OS build 19043.1288; Version 2009; 64bit' Language: 'en' Physical Memory: 3918 MB
BatchMode: 1, IsHumanControllingUs: 0, StartBugReporterOnCrash: 0, Is64bit: 1, IsPro: 0

COMMAND LINE ARGUMENTS:
C:\Program Files\Unity\Hub\Editor\2021.1.21f1\Editor\Unity.exe
-adb2
-batchMode
-noUpm
-name
AssetImportWorker16
-projectPath
C:/Users/joshu/Dropbox/My PC (LAPTOP-GL5QPPVH)/Desktop/ICT GAME 4
-logFile
Logs/AssetImportWorker16.log
-srvPort
55206
Successfully changed project path to: C:/Users/joshu/Dropbox/My PC (LAPTOP-GL5QPPVH)/Desktop/ICT GAME 4
C:/Users/joshu/Dropbox/My PC (LAPTOP-GL5QPPVH)/Desktop/ICT GAME 4
Using Asset Import Pipeline V2.
Refreshing native plugins compatible for Editor in 602.32 ms, found 4 plugins.
Preloading 0 native plugins for Editor in 0.00 ms.
Initialize engine version: 2021.1.21f1 (f2d5d3c59f8c)
[Subsystems] Discovering subsystems at path C:/Program Files/Unity/Hub/Editor/2021.1.21f1/Editor/Data/Resources/UnitySubsystems
[Subsystems] Discovering subsystems at path C:/Users/joshu/Dropbox/My PC (LAPTOP-GL5QPPVH)/Desktop/ICT GAME 4/Assets
GfxDevice: creating device client; threaded=0; jobified=0
Direct3D:
    Version:  Direct3D 11.0 [level 11.1]
    Renderer: Intel(R) UHD Graphics 600 (ID=0x3185)
    Vendor:   Intel
    VRAM:     1959 MB
    Driver:   27.20.100.8729
Initialize mono
Mono path[0] = 'C:/Program Files/Unity/Hub/Editor/2021.1.21f1/Editor/Data/Managed'
Mono path[1] = 'C:/Program Files/Unity/Hub/Editor/2021.1.21f1/Editor/Data/MonoBleedingEdge/lib/mono/unityjit'
Mono config path = 'C:/Program Files/Unity/Hub/Editor/2021.1.21f1/Editor/Data/MonoBleedingEdge/etc'
Using monoOptions --debugger-agent=transport=dt_socket,embedding=1,server=y,suspend=n,address=127.0.0.1:56684
Begin MonoManager ReloadAssembly
Registering precompiled unity dll's ...
Register platform support module: C:/Program Files/Unity/Hub/Editor/2021.1.21f1/Editor/Data/PlaybackEngines/WindowsStandaloneSupport/UnityEditor.WindowsStandalone.Extensions.dll
Registered in 0.012577 seconds.
Native extension for WindowsStandalone target not found
Refreshing native plugins compatible for Editor in 482.20 ms, found 4 plugins.
Preloading 0 native plugins for Editor in 0.00 ms.
Mono: successfully reloaded assembly
- Completed reload, in  4.699 seconds
Domain Reload Profiling:
	ReloadAssembly (4700ms)
		BeginReloadAssembly (230ms)
			ExecutionOrderSort (0ms)
			DisableScriptedObjects (0ms)
			BackupInstance (0ms)
			ReleaseScriptingObjects (0ms)
			CreateAndSetChildDomain (2ms)
		EndReloadAssembly (1767ms)
			LoadAssemblies (220ms)
			RebuildTransferFunctionScriptingTraits (0ms)
			SetupTypeCache (660ms)
			ReleaseScriptCaches (0ms)
			RebuildScriptCaches (112ms)
			SetupLoadedEditorAssemblies (852ms)
				LogAssemblyErrors (0ms)
				InitializePlatformSupportModulesInManaged (22ms)
				SetLoadedEditorAssemblies (0ms)
				RefreshPlugins (482ms)
				BeforeProcessingInitializeOnLoad (4ms)
				ProcessInitializeOnLoadAttributes (262ms)
				ProcessInitializeOnLoadMethodAttributes (80ms)
				AfterProcessingInitializeOnLoad (0ms)
				EditorAssembliesLoaded (1ms)
			ExecutionOrderSort2 (0ms)
			AwakeInstancesAfterBackupRestoration (0ms)
Platform modules already initialized, skipping
Registering precompiled user dll's ...
Registered in 0.029116 seconds.
Begin MonoManager ReloadAssembly
Symbol file LoadedFromMemory doesn't match image C:\Users\joshu\Dropbox\My PC (LAPTOP-GL5QPPVH)\Desktop\ICT GAME 4\Library\PackageCache\com.unity.visualscripting@1.6.1\Editor\VisualScripting.Core\Dependencies\YamlDotNet\Unity.VisualScripting.YamlDotNet.dll
Symbol file LoadedFromMemory doesn't match image C:\Users\joshu\Dropbox\My PC (LAPTOP-GL5QPPVH)\Desktop\ICT GAME 4\Library\PackageCache\com.unity.visualscripting@1.6.1\Editor\VisualScripting.Core\Dependencies\DotNetZip\Unity.VisualScripting.IonicZip.dll
Native extension for WindowsStandalone target not found
Refreshing native plugins compatible for Editor in 530.80 ms, found 4 plugins.
Preloading 0 native plugins for Editor in 0.00 ms.
Mono: successfully reloaded assembly
- Completed reload, in  9.593 seconds
Domain Reload Profiling:
	ReloadAssembly (9595ms)
		BeginReloadAssembly (437ms)
			ExecutionOrderSort (0ms)
			DisableScriptedObjects (14ms)
			BackupInstance (0ms)
			ReleaseScriptingObjects (0ms)
			CreateAndSetChildDomain (59ms)
		EndReloadAssembly (8947ms)
			LoadAssemblies (5574ms)
			RebuildTransferFunctionScriptingTraits (0ms)
			SetupTypeCache (1120ms)
			ReleaseScriptCaches (2ms)
			RebuildScriptCaches (216ms)
			SetupLoadedEditorAssemblies (1772ms)
				LogAssemblyErrors (0ms)
				InitializePlatformSupportModulesInManaged (11ms)
				SetLoadedEditorAssemblies (0ms)
				RefreshPlugins (531ms)
				BeforeProcessingInitializeOnLoad (247ms)
				ProcessInitializeOnLoadAttributes (908ms)
				ProcessInitializeOnLoadMethodAttributes (49ms)
				AfterProcessingInitializeOnLoad (25ms)
				EditorAssembliesLoaded (0ms)
			ExecutionOrderSort2 (0ms)
			AwakeInstancesAfterBackupRestoration (19ms)
Platform modules already initialized, skipping
========================================================================
Worker process is ready to serve import requests
Launched and connected shader compiler UnityShaderCompiler.exe after 0.23 seconds
Refreshing native plugins compatible for Editor in 4.04 ms, found 4 plugins.
Preloading 0 native plugins for Editor in 0.00 ms.
Unloading 3574 Unused Serialized files (Serialized files now loaded: 0)
System memory in use before: 139.8 MB.
System memory in use after: 140.0 MB.

Unloading 29 unused Assets to reduce memory usage. Loaded Objects now: 4022.
Total: 15.964400 ms (FindLiveObjects: 0.932400 ms CreateObjectMapping: 0.228400 ms MarkObjects: 14.380200 ms  DeleteObjects: 0.419400 ms)

AssetImportParameters requested are different than current active one (requested -> active):
  custom:framework-win-MediaFoundation: 216162199b28c13a410421893ffa2e32 -> 
  custom:video-decoder-ogg-theora: a1e56fd34408186e4bbccfd4996cb3dc -> 
  custom:container-muxer-webm: aa71ff27fc2769a1b78a27578f13a17b -> 
  custom:container-demuxer-webm: 4f35f7cbe854078d1ac9338744f61a02 -> 
  custom:container-demuxer-ogg: 62fdf1f143b41e24485cea50d1cbac27 -> 
  custom:video-encoder-webm-vp8: eb34c28f22e8b96e1ab97ce403110664 -> 
  custom:video-codec-MediaFoundation-h265: 746d11721c4dcdbdad8f713fa42b33f4 -> 
  custom:video-decoder-webm-vp8: 9c59270c3fd7afecdb556c50c9e8de78 -> 
  custom:audio-decoder-ogg-vorbis: bf7c407c2cedff20999df2af8eb42d56 -> 
  custom:audio-encoder-webm-vorbis: bf7c407c2cedff20999df2af8eb42d56 -> 
========================================================================
Received Import Request.
  path: Assets/Scenes/TownMap.unity
  artifactKey: Guid(ecfc1a5946ae86c4b95378d8f3a8be26) Importer(815301076,1909f56bfc062723c751e8b465ee728b)
Start importing Assets/Scenes/TownMap.unity using Guid(ecfc1a5946ae86c4b95378d8f3a8be26) Importer(815301076,1909f56bfc062723c751e8b465ee728b)  -> (artifact id: 'be2daf5559ed07b591f4148c679e2fe7') in 0.059567 seconds 
========================================================================
Received Import Request.
  Time since last request: 0.002474 seconds.
  path: Assets/Scenes/Level03.unity
  artifactKey: Guid(f2cf4e9ac3975dd4ba94db589b210947) Importer(815301076,1909f56bfc062723c751e8b465ee728b)
Start importing Assets/Scenes/Level03.unity using Guid(f2cf4e9ac3975dd4ba94db589b210947) Importer(815301076,1909f56bfc062723c751e8b465ee728b)  -> (artifact id: '83e17d6252539028ddb049b79b27b22a') in 0.024164 seconds 
========================================================================
Received Prepare
Registering precompiled user dll's ...
Registered in 0.035793 seconds.
Begin MonoManager ReloadAssembly
Symbol file LoadedFromMemory doesn't match image C:\Users\joshu\Dropbox\My PC (LAPTOP-GL5QPPVH)\Desktop\ICT GAME 4\Library\PackageCache\com.unity.visualscripting@1.6.1\Editor\VisualScripting.Core\Dependencies\YamlDotNet\Unity.VisualScripting.YamlDotNet.dll
Symbol file LoadedFromMemory doesn't match image C:\Users\joshu\Dropbox\My PC (LAPTOP-GL5QPPVH)\Desktop\ICT GAME 4\Library\PackageCache\com.unity.visualscripting@1.6.1\Editor\VisualScripting.Core\Dependencies\DotNetZip\Unity.VisualScripting.IonicZip.dll
Native extension for WindowsStandalone target not found
Refreshing native plugins compatible for Editor in 14.44 ms, found 4 plugins.
Preloading 0 native plugins for Editor in 0.00 ms.
Mono: successfully reloaded assembly
- Completed reload, in  5.773 seconds
Domain Reload Profiling:
	ReloadAssembly (5777ms)
		BeginReloadAssembly (1581ms)
			ExecutionOrderSort (0ms)
			DisableScriptedObjects (211ms)
			BackupInstance (0ms)
			ReleaseScriptingObjects (3ms)
			CreateAndSetChildDomain (569ms)
		EndReloadAssembly (3984ms)
			LoadAssemblies (542ms)
			RebuildTransferFunctionScriptingTraits (0ms)
			SetupTypeCache (1676ms)
			ReleaseScriptCaches (3ms)
			RebuildScriptCaches (137ms)
			SetupLoadedEditorAssemblies (1394ms)
				LogAssemblyErrors (0ms)
				InitializePlatformSupportModulesInManaged (33ms)
				SetLoadedEditorAssemblies (2ms)
				RefreshPlugins (15ms)
				BeforeProcessingInitializeOnLoad (328ms)
				ProcessInitializeOnLoadAttributes (958ms)
				ProcessInitializeOnLoadMethodAttributes (32ms)
				AfterProcessingInitializeOnLoad (26ms)
				EditorAssembliesLoaded (0ms)
			ExecutionOrderSort2 (0ms)
			AwakeInstancesAfterBackupRestoration (27ms)
Platform modules already initialized, skipping
Refreshing native plugins compatible for Editor in 4.56 ms, found 4 plugins.
Preloading 0 native plugins for Editor in 0.00 ms.
Unloading 3556 Unused Serialized files (Serialized files now loaded: 0)
System memory in use before: 138.1 MB.
System memory in use after: 138.4 MB.

Unloading 18 unused Assets to reduce memory usage. Loaded Objects now: 4029.
Total: 11.689000 ms (FindLiveObjects: 1.087900 ms CreateObjectMapping: 0.330000 ms MarkObjects: 10.122900 ms  DeleteObjects: 0.144100 ms)

AssetImportParameters requested are different than current active one (requested -> active):
  custom:framework-win-MediaFoundation: 216162199b28c13a410421893ffa2e32 -> 
  custom:video-decoder-ogg-theora: a1e56fd34408186e4bbccfd4996cb3dc -> 
  custom:container-muxer-webm: aa71ff27fc2769a1b78a27578f13a17b -> 
  custom:container-demuxer-webm: 4f35f7cbe854078d1ac9338744f61a02 -> 
  custom:container-demuxer-ogg: 62fdf1f143b41e24485cea50d1cbac27 -> 
  custom:video-encoder-webm-vp8: eb34c28f22e8b96e1ab97ce403110664 -> 
  custom:video-codec-MediaFoundation-h265: 746d11721c4dcdbdad8f713fa42b33f4 -> 
  custom:video-decoder-webm-vp8: 9c59270c3fd7afecdb556c50c9e8de78 -> 
  custom:audio-decoder-ogg-vorbis: bf7c407c2cedff20999df2af8eb42d56 -> 
  custom:audio-encoder-webm-vorbis: bf7c407c2cedff20999df2af8eb42d56 -> 
========================================================================
Received Import Request.
  Time since last request: 420.666799 seconds.
  path: Assets/Scenes/Level02.unity
  artifactKey: Guid(2cda990e2423bbf4892e6590ba056729) Importer(815301076,1909f56bfc062723c751e8b465ee728b)
Start importing Assets/Scenes/Level02.unity using Guid(2cda990e2423bbf4892e6590ba056729) Importer(815301076,1909f56bfc062723c751e8b465ee728b)  -> (artifact id: '72fb720c622e468b2a7f38d0d41b8b25') in 0.215760 seconds 
========================================================================
Received Import Request.
  Time since last request: 168.217445 seconds.
  path: Assets/RPG/Scripts/EnemyDialogue.cs
  artifactKey: Guid(6dd0566866fe090409fc7352448182e1) Importer(815301076,1909f56bfc062723c751e8b465ee728b)
Start importing Assets/RPG/Scripts/EnemyDialogue.cs using Guid(6dd0566866fe090409fc7352448182e1) Importer(815301076,1909f56bfc062723c751e8b465ee728b)  -> (artifact id: '5a5e9763cb9a10c32cbc4cdf6e42aa1c') in 0.211421 seconds 
========================================================================
Received Prepare
Registering precompiled user dll's ...
Registered in 0.051084 seconds.
Begin MonoManager ReloadAssembly
Symbol file LoadedFromMemory doesn't match image C:\Users\joshu\Dropbox\My PC (LAPTOP-GL5QPPVH)\Desktop\ICT GAME 4\Library\PackageCache\com.unity.visualscripting@1.6.1\Editor\VisualScripting.Core\Dependencies\YamlDotNet\Unity.VisualScripting.YamlDotNet.dll
Symbol file LoadedFromMemory doesn't match image C:\Users\joshu\Dropbox\My PC (LAPTOP-GL5QPPVH)\Desktop\ICT GAME 4\Library\PackageCache\com.unity.visualscripting@1.6.1\Editor\VisualScripting.Core\Dependencies\DotNetZip\Unity.VisualScripting.IonicZip.dll
Native extension for WindowsStandalone target not found
Refreshing native plugins compatible for Editor in 17.70 ms, found 4 plugins.
Preloading 0 native plugins for Editor in 0.00 ms.
Mono: successfully reloaded assembly
- Completed reload, in  6.809 seconds
Domain Reload Profiling:
	ReloadAssembly (6818ms)
		BeginReloadAssembly (2457ms)
			ExecutionOrderSort (0ms)
			DisableScriptedObjects (215ms)
			BackupInstance (0ms)
			ReleaseScriptingObjects (2ms)
			CreateAndSetChildDomain (1700ms)
		EndReloadAssembly (4129ms)
			LoadAssemblies (571ms)
			RebuildTransferFunctionScriptingTraits (2ms)
			SetupTypeCache (1525ms)
			ReleaseScriptCaches (4ms)
			RebuildScriptCaches (144ms)
			SetupLoadedEditorAssemblies (1534ms)
				LogAssemblyErrors (0ms)
				InitializePlatformSupportModulesInManaged (30ms)
				SetLoadedEditorAssemblies (2ms)
				RefreshPlugins (18ms)
				BeforeProcessingInitializeOnLoad (291ms)
				ProcessInitializeOnLoadAttributes (1141ms)
				ProcessInitializeOnLoadMethodAttributes (28ms)
				AfterProcessingInitializeOnLoad (23ms)
				EditorAssembliesLoaded (1ms)
			ExecutionOrderSort2 (0ms)
			AwakeInstancesAfterBackupRestoration (30ms)
Platform modules already initialized, skipping
Refreshing native plugins compatible for Editor in 6.01 ms, found 4 plugins.
Preloading 0 native plugins for Editor in 0.00 ms.
Unloading 3556 Unused Serialized files (Serialized files now loaded: 0)
System memory in use before: 138.2 MB.
System memory in use after: 138.4 MB.

Unloading 18 unused Assets to reduce memory usage. Loaded Objects now: 4031.
Total: 16.587300 ms (FindLiveObjects: 1.307600 ms CreateObjectMapping: 0.544500 ms MarkObjects: 14.512300 ms  DeleteObjects: 0.219200 ms)

AssetImportParameters requested are different than current active one (requested -> active):
  custom:framework-win-MediaFoundation: 216162199b28c13a410421893ffa2e32 -> 
  custom:video-decoder-ogg-theora: a1e56fd34408186e4bbccfd4996cb3dc -> 
  custom:container-muxer-webm: aa71ff27fc2769a1b78a27578f13a17b -> 
  custom:container-demuxer-webm: 4f35f7cbe854078d1ac9338744f61a02 -> 
  custom:container-demuxer-ogg: 62fdf1f143b41e24485cea50d1cbac27 -> 
  custom:video-encoder-webm-vp8: eb34c28f22e8b96e1ab97ce403110664 -> 
  custom:video-codec-MediaFoundation-h265: 746d11721c4dcdbdad8f713fa42b33f4 -> 
  custom:video-decoder-webm-vp8: 9c59270c3fd7afecdb556c50c9e8de78 -> 
  custom:audio-decoder-ogg-vorbis: bf7c407c2cedff20999df2af8eb42d56 -> 
  custom:audio-encoder-webm-vorbis: bf7c407c2cedff20999df2af8eb42d56 -> 
========================================================================
Received Import Request.
  Time since last request: 284.516368 seconds.
  path: Assets/RPG/Scripts/EnemyDialogue.cs
  artifactKey: Guid(6dd0566866fe090409fc7352448182e1) Importer(815301076,1909f56bfc062723c751e8b465ee728b)
Start importing Assets/RPG/Scripts/EnemyDialogue.cs using Guid(6dd0566866fe090409fc7352448182e1) Importer(815301076,1909f56bfc062723c751e8b465ee728b)  -> (artifact id: '3f1f4172b2c6cf0ebc8df48126907678') in 0.093158 seconds 
========================================================================
Received Import Request.
  Time since last request: 2151.112366 seconds.
  path: Assets/RPG/prefabs/Enemies/DamageCollider.prefab
  artifactKey: Guid(8104cd163f71ed04d848532746ea2575) Importer(815301076,1909f56bfc062723c751e8b465ee728b)
Start importing Assets/RPG/prefabs/Enemies/DamageCollider.prefab using Guid(8104cd163f71ed04d848532746ea2575) Importer(815301076,1909f56bfc062723c751e8b465ee728b)  -> (artifact id: '9398fb9c2f893acc4ad48c4989ed0db7') in 3.144166 seconds 
========================================================================
Received Import Request.
  Time since last request: 97.470164 seconds.
  path: Assets/Scenes/Level01.unity
  artifactKey: Guid(f721b1597623546469952b10e8aa9e66) Importer(815301076,1909f56bfc062723c751e8b465ee728b)
Start importing Assets/Scenes/Level01.unity using Guid(f721b1597623546469952b10e8aa9e66) Importer(815301076,1909f56bfc062723c751e8b465ee728b)  -> (artifact id: 'bc1812b470c4dc497bf1f682a4b84185') in 1.625430 seconds 
========================================================================
Received Import Request.
  Time since last request: 60.214203 seconds.
  path: Assets/Scenes/Tutorial.unity
  artifactKey: Guid(8102cb6eeeb4d0943869d15f8dc5047c) Importer(815301076,1909f56bfc062723c751e8b465ee728b)
Start importing Assets/Scenes/Tutorial.unity using Guid(8102cb6eeeb4d0943869d15f8dc5047c) Importer(815301076,1909f56bfc062723c751e8b465ee728b)  -> (artifact id: 'd23d40c6cdd5e1a47f6163fbd2a5e58c') in 1.613339 seconds 
========================================================================
Received Import Request.
  Time since last request: 34.082257 seconds.
  path: Assets/RPG/Other tiles
  artifactKey: Guid(cbe71e9c7682c264a8bde03f2952d9f5) Importer(815301076,1909f56bfc062723c751e8b465ee728b)
Start importing Assets/RPG/Other tiles using Guid(cbe71e9c7682c264a8bde03f2952d9f5) Importer(815301076,1909f56bfc062723c751e8b465ee728b)  -> (artifact id: '8b9dc52baf731aa9d088c897812b97df') in 1.737802 seconds 
========================================================================
Received Import Request.
  Time since last request: 0.056147 seconds.
  path: Assets/Scenes/Menu.unity
  artifactKey: Guid(48848b4a65823cf45a9135fa3360ee97) Importer(815301076,1909f56bfc062723c751e8b465ee728b)
Start importing Assets/Scenes/Menu.unity using Guid(48848b4a65823cf45a9135fa3360ee97) Importer(815301076,1909f56bfc062723c751e8b465ee728b)  -> (artifact id: 'a99415849de4841b845b6b824bb3d872') in 0.123101 seconds 
========================================================================
Received Import Request.
  Time since last request: 3.076764 seconds.
  path: Assets/Scenes/StoryIntro.unity
  artifactKey: Guid(3f21800cab33bc647b6b04a49e9d3f1d) Importer(815301076,1909f56bfc062723c751e8b465ee728b)
Start importing Assets/Scenes/StoryIntro.unity using Guid(3f21800cab33bc647b6b04a49e9d3f1d) Importer(815301076,1909f56bfc062723c751e8b465ee728b)  -> (artifact id: '9eccb78adf8a7e25b7b9664566045d02') in 1.469855 seconds 
========================================================================
Received Import Request.
  Time since last request: 32.411139 seconds.
  path: Assets/Scenes/Level02.unity
  artifactKey: Guid(2cda990e2423bbf4892e6590ba056729) Importer(815301076,1909f56bfc062723c751e8b465ee728b)
Start importing Assets/Scenes/Level02.unity using Guid(2cda990e2423bbf4892e6590ba056729) Importer(815301076,1909f56bfc062723c751e8b465ee728b)  -> (artifact id: '0a043bb12af082f80dbf67f69e5fecbf') in 0.083389 seconds 
========================================================================
Received Import Request.
  Time since last request: 0.000638 seconds.
  path: Assets/Scenes/Level03.unity
  artifactKey: Guid(f2cf4e9ac3975dd4ba94db589b210947) Importer(815301076,1909f56bfc062723c751e8b465ee728b)
Start importing Assets/Scenes/Level03.unity using Guid(f2cf4e9ac3975dd4ba94db589b210947) Importer(815301076,1909f56bfc062723c751e8b465ee728b)  -> (artifact id: '39ca739fcedeb4598d7dbe8d580ec630') in 1.036468 seconds 
