Using pre-set license
Built from '2021.1/staging' branch; Version is '2021.1.21f1 (f2d5d3c59f8c) revision 15914451'; Using compiler version '192528614'; Build Type 'Release'
OS: 'Windows 10 Home Single Language; OS build 19043.1237; Version 2009; 64bit' Language: 'en' Physical Memory: 3918 MB
BatchMode: 1, IsHumanControllingUs: 0, StartBugReporterOnCrash: 0, Is64bit: 1, IsPro: 0

COMMAND LINE ARGUMENTS:
C:\Program Files\Unity\Hub\Editor\2021.1.21f1\Editor\Unity.exe
-adb2
-batchMode
-noUpm
-name
AssetImportWorker2
-projectPath
C:/Users/joshu/ICT_Electives_Game/ICT_Electives_Game
-logFile
Logs/AssetImportWorker2.log
-srvPort
58430
Successfully changed project path to: C:/Users/joshu/ICT_Electives_Game/ICT_Electives_Game
C:/Users/joshu/ICT_Electives_Game/ICT_Electives_Game
Using Asset Import Pipeline V2.
Refreshing native plugins compatible for Editor in 214.07 ms, found 3 plugins.
Preloading 0 native plugins for Editor in 0.00 ms.
Initialize engine version: 2021.1.21f1 (f2d5d3c59f8c)
[Subsystems] Discovering subsystems at path C:/Program Files/Unity/Hub/Editor/2021.1.21f1/Editor/Data/Resources/UnitySubsystems
[Subsystems] Discovering subsystems at path C:/Users/joshu/ICT_Electives_Game/ICT_Electives_Game/Assets
GfxDevice: creating device client; threaded=0; jobified=0
Direct3D:
    Version:  Direct3D 11.0 [level 11.1]
    Renderer: Intel(R) UHD Graphics 600 (ID=0x3185)
    Vendor:   Intel
    VRAM:     1959 MB
    Driver:   27.20.100.8729
Initialize mono
Mono path[0] = 'C:/Program Files/Unity/Hub/Editor/2021.1.21f1/Editor/Data/Managed'
Mono path[1] = 'C:/Program Files/Unity/Hub/Editor/2021.1.21f1/Editor/Data/MonoBleedingEdge/lib/mono/unityjit'
Mono config path = 'C:/Program Files/Unity/Hub/Editor/2021.1.21f1/Editor/Data/MonoBleedingEdge/etc'
Using monoOptions --debugger-agent=transport=dt_socket,embedding=1,server=y,suspend=n,address=127.0.0.1:56740
Begin MonoManager ReloadAssembly
Registering precompiled unity dll's ...
Register platform support module: C:/Program Files/Unity/Hub/Editor/2021.1.21f1/Editor/Data/PlaybackEngines/WindowsStandaloneSupport/UnityEditor.WindowsStandalone.Extensions.dll
Registered in 0.008455 seconds.
Native extension for WindowsStandalone target not found
Refreshing native plugins compatible for Editor in 194.83 ms, found 3 plugins.
Preloading 0 native plugins for Editor in 0.00 ms.
Mono: successfully reloaded assembly
- Completed reload, in  5.487 seconds
Domain Reload Profiling:
	ReloadAssembly (5488ms)
		BeginReloadAssembly (370ms)
			ExecutionOrderSort (0ms)
			DisableScriptedObjects (0ms)
			BackupInstance (0ms)
			ReleaseScriptingObjects (0ms)
			CreateAndSetChildDomain (3ms)
		EndReloadAssembly (1655ms)
			LoadAssemblies (356ms)
			RebuildTransferFunctionScriptingTraits (0ms)
			SetupTypeCache (627ms)
			ReleaseScriptCaches (0ms)
			RebuildScriptCaches (125ms)
			SetupLoadedEditorAssemblies (732ms)
				LogAssemblyErrors (0ms)
				InitializePlatformSupportModulesInManaged (31ms)
				SetLoadedEditorAssemblies (0ms)
				RefreshPlugins (195ms)
				BeforeProcessingInitializeOnLoad (3ms)
				ProcessInitializeOnLoadAttributes (382ms)
				ProcessInitializeOnLoadMethodAttributes (119ms)
				AfterProcessingInitializeOnLoad (0ms)
				EditorAssembliesLoaded (0ms)
			ExecutionOrderSort2 (0ms)
			AwakeInstancesAfterBackupRestoration (0ms)
Platform modules already initialized, skipping
Registering precompiled user dll's ...
Registered in 0.016989 seconds.
Begin MonoManager ReloadAssembly
Native extension for WindowsStandalone target not found
Refreshing native plugins compatible for Editor in 178.61 ms, found 3 plugins.
Preloading 0 native plugins for Editor in 0.00 ms.
Mono: successfully reloaded assembly
- Completed reload, in  4.826 seconds
Domain Reload Profiling:
	ReloadAssembly (4828ms)
		BeginReloadAssembly (626ms)
			ExecutionOrderSort (0ms)
			DisableScriptedObjects (15ms)
			BackupInstance (0ms)
			ReleaseScriptingObjects (0ms)
			CreateAndSetChildDomain (99ms)
		EndReloadAssembly (3966ms)
			LoadAssemblies (450ms)
			RebuildTransferFunctionScriptingTraits (0ms)
			SetupTypeCache (1288ms)
			ReleaseScriptCaches (1ms)
			RebuildScriptCaches (185ms)
			SetupLoadedEditorAssemblies (1694ms)
				LogAssemblyErrors (0ms)
				InitializePlatformSupportModulesInManaged (15ms)
				SetLoadedEditorAssemblies (1ms)
				RefreshPlugins (179ms)
				BeforeProcessingInitializeOnLoad (317ms)
				ProcessInitializeOnLoadAttributes (1080ms)
				ProcessInitializeOnLoadMethodAttributes (74ms)
				AfterProcessingInitializeOnLoad (27ms)
				EditorAssembliesLoaded (1ms)
			ExecutionOrderSort2 (0ms)
			AwakeInstancesAfterBackupRestoration (28ms)
Platform modules already initialized, skipping
========================================================================
Worker process is ready to serve import requests
Launched and connected shader compiler UnityShaderCompiler.exe after 0.23 seconds
Refreshing native plugins compatible for Editor in 1.73 ms, found 3 plugins.
Preloading 0 native plugins for Editor in 0.00 ms.
Unloading 2164 Unused Serialized files (Serialized files now loaded: 0)
System memory in use before: 98.4 MB.
System memory in use after: 98.5 MB.

Unloading 26 unused Assets to reduce memory usage. Loaded Objects now: 2619.
Total: 12.038300 ms (FindLiveObjects: 0.607100 ms CreateObjectMapping: 0.140700 ms MarkObjects: 11.096200 ms  DeleteObjects: 0.190900 ms)

AssetImportParameters requested are different than current active one (requested -> active):
  custom:framework-win-MediaFoundation: 216162199b28c13a410421893ffa2e32 -> 
  custom:video-decoder-ogg-theora: a1e56fd34408186e4bbccfd4996cb3dc -> 
  custom:container-muxer-webm: aa71ff27fc2769a1b78a27578f13a17b -> 
  custom:container-demuxer-webm: 4f35f7cbe854078d1ac9338744f61a02 -> 
  custom:container-demuxer-ogg: 62fdf1f143b41e24485cea50d1cbac27 -> 
  custom:video-encoder-webm-vp8: eb34c28f22e8b96e1ab97ce403110664 -> 
  custom:video-codec-MediaFoundation-h265: 746d11721c4dcdbdad8f713fa42b33f4 -> 
  custom:video-decoder-webm-vp8: 9c59270c3fd7afecdb556c50c9e8de78 -> 
  custom:audio-decoder-ogg-vorbis: bf7c407c2cedff20999df2af8eb42d56 -> 
  custom:audio-encoder-webm-vorbis: bf7c407c2cedff20999df2af8eb42d56 -> 
========================================================================
Received Import Request.
  path: Assets/RPG/prefabs/Tilemap.prefab
  artifactKey: Guid(e5dce2b568ac9974d938947b3b199d7c) Importer(815301076,1909f56bfc062723c751e8b465ee728b)
Start importing Assets/RPG/prefabs/Tilemap.prefab using Guid(e5dce2b568ac9974d938947b3b199d7c) Importer(815301076,1909f56bfc062723c751e8b465ee728b)  -> (artifact id: 'ec1ba23fa3fcda52830d5ad88993aaa6') in 0.656413 seconds 
========================================================================
Received Import Request.
  Time since last request: 0.000526 seconds.
  path: Assets/Scenes/SampleScene.unity
  artifactKey: Guid(2cda990e2423bbf4892e6590ba056729) Importer(815301076,1909f56bfc062723c751e8b465ee728b)
Start importing Assets/Scenes/SampleScene.unity using Guid(2cda990e2423bbf4892e6590ba056729) Importer(815301076,1909f56bfc062723c751e8b465ee728b)  -> (artifact id: '85b65a6832115c506da64170f6071dfc') in 0.041438 seconds 
========================================================================
Received Import Request.
  Time since last request: 25.294317 seconds.
  path: Assets/RPG/prefabs
  artifactKey: Guid(d11d9c75ae5851b4797bfb6ca7b7d4f7) Importer(815301076,1909f56bfc062723c751e8b465ee728b)
Start importing Assets/RPG/prefabs using Guid(d11d9c75ae5851b4797bfb6ca7b7d4f7) Importer(815301076,1909f56bfc062723c751e8b465ee728b)  -> (artifact id: '86dd991ac3d8aa4c202bcdc69c0d56ed') in 0.072710 seconds 
========================================================================
Received Import Request.
  Time since last request: 1.253523 seconds.
  path: Assets/Scenes/anotherscene.unity
  artifactKey: Guid(798e3be09206a5b4f9128a49806bceb4) Importer(815301076,1909f56bfc062723c751e8b465ee728b)
Start importing Assets/Scenes/anotherscene.unity using Guid(798e3be09206a5b4f9128a49806bceb4) Importer(815301076,1909f56bfc062723c751e8b465ee728b)  -> (artifact id: '7bd46a7e812f360ea02fa1809bb900a4') in 0.031568 seconds 
========================================================================
Received Import Request.
  Time since last request: 1248.287841 seconds.
  path: Assets/Scenes/StoryIntro.unity
  artifactKey: Guid(3f21800cab33bc647b6b04a49e9d3f1d) Importer(815301076,1909f56bfc062723c751e8b465ee728b)
Start importing Assets/Scenes/StoryIntro.unity using Guid(3f21800cab33bc647b6b04a49e9d3f1d) Importer(815301076,1909f56bfc062723c751e8b465ee728b)  -> (artifact id: 'e85386c66926660560759c3c0c7a0542') in 0.187247 seconds 
========================================================================
Received Import Request.
  Time since last request: 172.552755 seconds.
  path: Assets/RPG/prefabs/Maps
  artifactKey: Guid(06c1fd9e6292d524b968348146b82003) Importer(815301076,1909f56bfc062723c751e8b465ee728b)
Start importing Assets/RPG/prefabs/Maps using Guid(06c1fd9e6292d524b968348146b82003) Importer(815301076,1909f56bfc062723c751e8b465ee728b)  -> (artifact id: '873298af6c7fedd281e4470e4729121a') in 0.035532 seconds 
========================================================================
Received Import Request.
  Time since last request: 11.995805 seconds.
  path: Assets/RPG/prefabs/Player
  artifactKey: Guid(c59d0be0d56b6ac4583754ea92dea41f) Importer(815301076,1909f56bfc062723c751e8b465ee728b)
Start importing Assets/RPG/prefabs/Player using Guid(c59d0be0d56b6ac4583754ea92dea41f) Importer(815301076,1909f56bfc062723c751e8b465ee728b)  -> (artifact id: 'd2c13013773d5ca210ff3711a9d020e7') in 0.042277 seconds 
========================================================================
Received Import Request.
  Time since last request: 9.264969 seconds.
  path: Assets/RPG/prefabs/NPCs
  artifactKey: Guid(f3e19d79fa4c8b6479abdac1ff9a51ef) Importer(815301076,1909f56bfc062723c751e8b465ee728b)
Start importing Assets/RPG/prefabs/NPCs using Guid(f3e19d79fa4c8b6479abdac1ff9a51ef) Importer(815301076,1909f56bfc062723c751e8b465ee728b)  -> (artifact id: '5c7e608d6470df0ce1b0902e8a10301a') in 0.038667 seconds 
========================================================================
Received Import Request.
  Time since last request: 3.879334 seconds.
  path: Assets/RPG/prefabs/Players
  artifactKey: Guid(c59d0be0d56b6ac4583754ea92dea41f) Importer(815301076,1909f56bfc062723c751e8b465ee728b)
Start importing Assets/RPG/prefabs/Players using Guid(c59d0be0d56b6ac4583754ea92dea41f) Importer(815301076,1909f56bfc062723c751e8b465ee728b)  -> (artifact id: 'aae408dc66939184a10f491ca37d5326') in 0.031110 seconds 
========================================================================
Received Import Request.
  Time since last request: 65.359900 seconds.
  path: Assets/RPG/Sprites/RPG tileset/tileset regular.aseprite
  artifactKey: Guid(bcc95d331f373f741bbe13812f6c4e5c) Importer(815301076,1909f56bfc062723c751e8b465ee728b)
Start importing Assets/RPG/Sprites/RPG tileset/tileset regular.aseprite using Guid(bcc95d331f373f741bbe13812f6c4e5c) Importer(815301076,1909f56bfc062723c751e8b465ee728b)  -> (artifact id: 'be7a5f1ba196636e3579615cc193dcbd') in 0.097504 seconds 
========================================================================
Received Import Request.
  Time since last request: 3126.728253 seconds.
  path: ProjectSettings/TagManager.asset
  artifactKey: Guid(00000000000000003000000000000000) Importer(815301076,1909f56bfc062723c751e8b465ee728b)
Start importing ProjectSettings/TagManager.asset using Guid(00000000000000003000000000000000) Importer(815301076,1909f56bfc062723c751e8b465ee728b)  -> (artifact id: '01fd02450b98bb3a9566b8bb4ea8bf91') in 0.101869 seconds 
========================================================================
Received Import Request.
  Time since last request: 209.112359 seconds.
  path: ProjectSettings/TagManager.asset
  artifactKey: Guid(00000000000000003000000000000000) Importer(815301076,1909f56bfc062723c751e8b465ee728b)
Start importing ProjectSettings/TagManager.asset using Guid(00000000000000003000000000000000) Importer(815301076,1909f56bfc062723c751e8b465ee728b)  -> (artifact id: '33070944577ef6775bc362885e9bfc07') in 0.021285 seconds 
========================================================================
Received Import Request.
  Time since last request: 492.190656 seconds.
  path: ProjectSettings/TagManager.asset
  artifactKey: Guid(00000000000000003000000000000000) Importer(815301076,1909f56bfc062723c751e8b465ee728b)
Start importing ProjectSettings/TagManager.asset using Guid(00000000000000003000000000000000) Importer(815301076,1909f56bfc062723c751e8b465ee728b)  -> (artifact id: '35afc6d300f363b954457b20fb4fa9a0') in 0.011825 seconds 
========================================================================
Received Import Request.
  Time since last request: 27.600893 seconds.
  path: ProjectSettings/TagManager.asset
  artifactKey: Guid(00000000000000003000000000000000) Importer(815301076,1909f56bfc062723c751e8b465ee728b)
Start importing ProjectSettings/TagManager.asset using Guid(00000000000000003000000000000000) Importer(815301076,1909f56bfc062723c751e8b465ee728b)  -> (artifact id: 'fae2792070ee2d89706f52aca6f28665') in 0.028455 seconds 
AssetImportWorkerClient::OnTransportError - code=2 error=End of file
